2023-02-13 16:18:46
New connection from 144.214.0.2:32998 -- Server.cc:43
2023-02-13 16:18:46
New connection from 144.214.0.2:14032 -- Server.cc:43
2023-02-13 16:18:46
Request: GET /1.html HTTP/1.1
Host: 43.136.99.18
Upgrade-Insecure-Requests: 1
Accept: text/html,application/xhtml+xml,application/xml;q=0.9,*/*;q=0.8
User-Agent: Mozilla/5.0 (Macintosh; Intel Mac OS X 10_15_7) AppleWebKit/605.1.15 (KHTML, like Gecko) Version/15.6 Safari/605.1.15
Accept-Language: en-GB,en;q=0.9
Accept-Encoding: gzip, deflate
Connection: keep-alive

 -- HttpData.cc:161
2023-02-13 16:18:56
Request: GET /1.html HTTP/1.1
Host: 43.136.99.18
Upgrade-Insecure-Requests: 1
Accept: text/html,application/xhtml+xml,application/xml;q=0.9,*/*;q=0.8
User-Agent: Mozilla/5.0 (Macintosh; Intel Mac OS X 10_15_7) AppleWebKit/605.1.15 (KHTML, like Gecko) Version/15.6 Safari/605.1.15
Accept-Language: en-GB,en;q=0.9
Accept-Encoding: gzip, deflate
Connection: keep-alive

 -- HttpData.cc:161
2023-02-13 16:19:05
New connection from 144.214.0.2:54162 -- Server.cc:43
2023-02-13 16:19:05
Request: GET /fivcon.con HTTP/1.1
Host: 43.136.99.18
Upgrade-Insecure-Requests: 1
Accept: text/html,application/xhtml+xml,application/xml;q=0.9,*/*;q=0.8
User-Agent: Mozilla/5.0 (Macintosh; Intel Mac OS X 10_15_7) AppleWebKit/605.1.15 (KHTML, like Gecko) Version/15.6 Safari/605.1.15
Accept-Language: en-GB,en;q=0.9
Accept-Encoding: gzip, deflate
Connection: keep-alive

 -- HttpData.cc:161
2023-02-13 16:19:05
New connection from 144.214.0.2:24446 -- Server.cc:43
2023-02-13 16:19:38
Request: GET /favicon.ico HTTP/1.1
Host: 43.136.99.18
Upgrade-Insecure-Requests: 1
Accept: text/html,application/xhtml+xml,application/xml;q=0.9,*/*;q=0.8
User-Agent: Mozilla/5.0 (Macintosh; Intel Mac OS X 10_15_7) AppleWebKit/605.1.15 (KHTML, like Gecko) Version/15.6 Safari/605.1.15
Accept-Language: en-GB,en;q=0.9
Accept-Encoding: gzip, deflate
Connection: keep-alive

 -- HttpData.cc:161
2023-02-13 16:19:41
Request: GET /favicon.ico HTTP/1.1
Host: 43.136.99.18
Upgrade-Insecure-Requests: 1
Accept: text/html,application/xhtml+xml,application/xml;q=0.9,*/*;q=0.8
User-Agent: Mozilla/5.0 (Macintosh; Intel Mac OS X 10_15_7) AppleWebKit/605.1.15 (KHTML, like Gecko) Version/15.6 Safari/605.1.15
Accept-Language: en-GB,en;q=0.9
Accept-Encoding: gzip, deflate
Connection: keep-alive

 -- HttpData.cc:161
